#
# There is insufficient memory for the Java Runtime Environment to continue.
# Native memory allocation (mmap) failed to map 134217728 bytes. Error detail: G1 virtual space
# Possible reasons:
#   The system is out of physical RAM or swap space
#   This process is running with CompressedOops enabled, and the Java Heap may be blocking the growth of the native heap
# Possible solutions:
#   Reduce memory load on the system
#   Increase physical memory or swap space
#   Check if swap backing store is full
#   Decrease Java heap size (-Xmx/-Xms)
#   Decrease number of Java threads
#   Decrease Java thread stack sizes (-Xss)
#   Set larger code cache with -XX:ReservedCodeCacheSize=
#   JVM is running with Unscaled Compressed Oops mode in which the Java heap is
#     placed in the first 4GB address space. The Java Heap base address is the
#     maximum limit for the native heap growth. Please use -XX:HeapBaseMinAddress
#     to set the Java Heap base and to place the Java Heap above 4GB virtual address.
# This output file may be truncated or incomplete.
#
#  Out of Memory Error (os_windows.cpp:3703), pid=14628, tid=14172
#
# JRE version:  (23.0.1+11) (build )
# Java VM: Java HotSpot(TM) 64-Bit Server VM (23.0.1+11-39, mixed mode, sharing, tiered, compressed oops, compressed class ptrs, g1 gc, windows-amd64)
# No core dump will be written. Minidumps are not enabled by default on client versions of Windows
#

---------------  S U M M A R Y ------------

Command Line: --add-modules=ALL-DEFAULT jdk.compiler/com.sun.tools.javac.launcher.SourceLauncher StudentsGrade.java

Host: Intel(R) Core(TM) i5-6300U CPU @ 2.40GHz, 4 cores, 7G,  Windows 10 , 64 bit Build 19041 (10.0.19041.5072)
Time: Tue Dec  3 11:29:15 2024 W. Central Africa Standard Time elapsed time: 0.020537 seconds (0d 0h 0m 0s)

---------------  T H R E A D  ---------------

Current thread (0x00000292a6f8a1c0):  JavaThread "Unknown thread" [_thread_in_vm, id=14172, stack(0x000000d24bc00000,0x000000d24bd00000) (1024K)]

Stack: [0x000000d24bc00000,0x000000d24bd00000]
Native frames: (J=compiled Java code, j=interpreted, Vv=VM code, C=native code)
V  [jvm.dll+0x6e08b9]  (no source info available)
V  [jvm.dll+0x87dc83]  (no source info available)
V  [jvm.dll+0x88010e]  (no source info available)
V  [jvm.dll+0x8807e3]  (no source info available)
V  [jvm.dll+0x27aee6]  (no source info available)
V  [jvm.dll+0x6dd1c5]  (no source info available)
V  [jvm.dll+0x6d104a]  (no source info available)
V  [jvm.dll+0x35b3ea]  (no source info available)
V  [jvm.dll+0x3637f6]  (no source info available)
V  [jvm.dll+0x34fd5e]  (no source info available)
V  [jvm.dll+0x34fff8]  (no source info available)
V  [jvm.dll+0x3289cc]  (no source info available)
V  [jvm.dll+0x32966e]  (no source info available)
V  [jvm.dll+0x844355]  (no source info available)
V  [jvm.dll+0x3b9848]  (no source info available)
V  [jvm.dll+0x82d14c]  (no source info available)
V  [jvm.dll+0x454d4e]  (no source info available)
V  [jvm.dll+0x456bd1]  (no source info available)
C  [jli.dll+0x52a3]  (no source info available)
C  [ucrtbase.dll+0x21bb2]  (no source info available)
C  [KERNEL32.DLL+0x17374]  (no source info available)
C  [ntdll.dll+0x4cc91]  (no source info available)

Lock stack of current Java thread (top to bottom):


---------------  P R O C E S S  ---------------

Threads class SMR info:
_java_thread_list=0x00007ff90fc13618, length=0, elements={
}

Java Threads: ( => current thread )
Total: 0

Other Threads:
  0x00000292a9373d20 WorkerThread "GC Thread#0"                     [id=17352, stack(0x000000d24bd00000,0x000000d24be00000) (1024K)]
  0x00000292a9388b10 ConcurrentGCThread "G1 Main Marker"            [id=7348, stack(0x000000d24be00000,0x000000d24bf00000) (1024K)]
  0x00000292a9389dc0 WorkerThread "G1 Conc#0"                       [id=7292, stack(0x000000d24bf00000,0x000000d24c000000) (1024K)]

[error occurred during error reporting (printing all threads), id 0xc0000005, EXCEPTION_ACCESS_VIOLATION (0xc0000005) at pc=0x00007ff90f35bfba]
VM state: not at safepoint (not fully initialized)

VM Mutex/Monitor currently owned by a thread:  ([mutex/lock_event])
[0x00007ff90fc93a10] Heap_lock - owner thread: 0x00000292a6f8a1c0

Heap address: 0x0000000081a00000, size: 2022 MB, Compressed Oops mode: 32-bit

CDS archive(s) mapped at: [0x0000000000000000-0x0000000000000000-0x0000000000000000), size 0, SharedBaseAddress: 0x0000000800000000, ArchiveRelocationMode: 1.
Narrow klass base: 0x0000000000000000, Narrow klass shift: 0, Narrow klass range: 0x0

GC Precious Log:
 CardTable entry size: 512
 Card Set container configuration: InlinePtr #cards 5 size 8 Array Of Cards #cards 10 size 36 Howl #buckets 4 coarsen threshold 1843 Howl Bitmap #cards 512 size 80 coarsen threshold 460 Card regions per heap region 1 cards per card region 2048

Heap:
 garbage-first heap   total reserved 2070528K, committed 0K, used 0K [0x0000000081a00000, 0x0000000100000000)
  region size 1024K, 0 young (0K), 0 survivors (0K)

[error occurred during error reporting (printing heap information), id 0xc0000005, EXCEPTION_ACCESS_VIOLATION (0xc0000005) at pc=0x00007ff90f75c3c9]
GC Heap History (0 events):
No events

Dll operation events (1 events):
Event: 0.010 Loaded shared library C:\Program Files\Java\jdk-23\bin\java.dll

Deoptimization events (0 events):
No events

Classes loaded (0 events):
No events

Classes unloaded (0 events):
No events

Classes redefined (0 events):
No events

Internal exceptions (0 events):
No events

VM Operations (0 events):
No events

Memory protections (0 events):
No events

Nmethod flushes (0 events):
No events

Events (0 events):
No events


Dynamic libraries:
0x00007ff6604f0000 - 0x00007ff660500000 	C:\Program Files\Java\jdk-23\bin\java.exe
0x00007ff95b4d0000 - 0x00007ff95b6c8000 	C:\Windows\SYSTEM32\ntdll.dll
0x00007ff95b3c0000 - 0x00007ff95b482000 	C:\Windows\System32\KERNEL32.DLL
0x00007ff958ce0000 - 0x00007ff958fde000 	C:\Windows\System32\KERNELBASE.dll
0x00007ff959030000 - 0x00007ff959130000 	C:\Windows\System32\ucrtbase.dll
0x00007ff952f60000 - 0x00007ff952f7b000 	C:\Program Files\Java\jdk-23\bin\VCRUNTIME140.dll
0x00007ff94e5e0000 - 0x00007ff94e5f7000 	C:\Program Files\Java\jdk-23\bin\jli.dll
0x00007ff959e90000 - 0x00007ff95a02d000 	C:\Windows\System32\USER32.dll
0x00007ff959130000 - 0x00007ff959152000 	C:\Windows\System32\win32u.dll
0x00007ff95b270000 - 0x00007ff95b29b000 	C:\Windows\System32\GDI32.dll
0x00007ff946210000 - 0x00007ff9464aa000 	C:\Windows\WinSxS\amd64_microsoft.windows.common-controls_6595b64144ccf1df_6.0.19041.4355_none_60b8b9eb71f62e16\COMCTL32.dll
0x00007ff959550000 - 0x00007ff9595ee000 	C:\Windows\System32\msvcrt.dll
0x00007ff959160000 - 0x00007ff959277000 	C:\Windows\System32\gdi32full.dll
0x00007ff9592f0000 - 0x00007ff95938d000 	C:\Windows\System32\msvcp_win.dll
0x00007ff95a3b0000 - 0x00007ff95a3df000 	C:\Windows\System32\IMM32.DLL
0x00007ff9531b0000 - 0x00007ff9531bc000 	C:\Program Files\Java\jdk-23\bin\vcruntime140_1.dll
0x00007ff940a70000 - 0x00007ff940afe000 	C:\Program Files\Java\jdk-23\bin\msvcp140.dll
0x00007ff90f020000 - 0x00007ff90fd6f000 	C:\Program Files\Java\jdk-23\bin\server\jvm.dll
0x00007ff95aae0000 - 0x00007ff95ab91000 	C:\Windows\System32\ADVAPI32.dll
0x00007ff95a050000 - 0x00007ff95a0ef000 	C:\Windows\System32\sechost.dll
0x00007ff95a950000 - 0x00007ff95aa73000 	C:\Windows\System32\RPCRT4.dll
0x00007ff958b70000 - 0x00007ff958b97000 	C:\Windows\System32\bcrypt.dll
0x00007ff95a290000 - 0x00007ff95a2fb000 	C:\Windows\System32\WS2_32.dll
0x00007ff9589d0000 - 0x00007ff958a1b000 	C:\Windows\SYSTEM32\POWRPROF.dll
0x00007ff940ee0000 - 0x00007ff940f07000 	C:\Windows\SYSTEM32\WINMM.dll
0x00007ff948430000 - 0x00007ff94843a000 	C:\Windows\SYSTEM32\VERSION.dll
0x00007ff9589b0000 - 0x00007ff9589c2000 	C:\Windows\SYSTEM32\UMPDC.dll
0x00007ff957390000 - 0x00007ff9573a2000 	C:\Windows\SYSTEM32\kernel.appcore.dll
0x00007ff952f50000 - 0x00007ff952f5a000 	C:\Program Files\Java\jdk-23\bin\jimage.dll
0x00007ff9568e0000 - 0x00007ff956ac4000 	C:\Windows\SYSTEM32\DBGHELP.DLL
0x00007ff950440000 - 0x00007ff950474000 	C:\Windows\SYSTEM32\dbgcore.DLL
0x00007ff958ba0000 - 0x00007ff958c22000 	C:\Windows\System32\bcryptPrimitives.dll
0x00007ff947810000 - 0x00007ff94782e000 	C:\Program Files\Java\jdk-23\bin\java.dll
0x00007ff95a160000 - 0x00007ff95a28b000 	C:\Windows\System32\ole32.dll
0x00007ff95a510000 - 0x00007ff95a863000 	C:\Windows\System32\combase.dll
0x00007ff9595f0000 - 0x00007ff959d5d000 	C:\Windows\System32\SHELL32.dll

dbghelp: loaded successfully - version: 4.0.5 - missing functions: none
symbol engine: initialized successfully - sym options: 0x614 - pdb path: .;C:\Program Files\Java\jdk-23\bin;C:\Windows\SYSTEM32;C:\Windows\WinSxS\amd64_microsoft.windows.common-controls_6595b64144ccf1df_6.0.19041.4355_none_60b8b9eb71f62e16;C:\Program Files\Java\jdk-23\bin\server

VM Arguments:
jvm_args: --add-modules=ALL-DEFAULT 
java_command: jdk.compiler/com.sun.tools.javac.launcher.SourceLauncher StudentsGrade.java
java_class_path (initial): .
Launcher Type: SUN_STANDARD

[Global flags]
     intx CICompilerCount                          = 3                                         {product} {ergonomic}
     uint ConcGCThreads                            = 1                                         {product} {ergonomic}
     uint G1ConcRefinementThreads                  = 4                                         {product} {ergonomic}
   size_t G1HeapRegionSize                         = 1048576                                   {product} {ergonomic}
   size_t InitialHeapSize                          = 134217728                                 {product} {ergonomic}
   size_t MarkStackSize                            = 4194304                                   {product} {ergonomic}
   size_t MarkStackSizeMax                         = 536870912                                 {product} {ergonomic}
   size_t MaxHeapSize                              = 2120220672                                {product} {ergonomic}
   size_t MinHeapDeltaBytes                        = 1048576                                   {product} {ergonomic}
   size_t MinHeapSize                              = 8388608                                   {product} {ergonomic}
    uintx NonNMethodCodeHeapSize                   = 5832704                                {pd product} {ergonomic}
    uintx NonProfiledCodeHeapSize                  = 122945536                              {pd product} {ergonomic}
    uintx ProfiledCodeHeapSize                     = 122880000                              {pd product} {ergonomic}
    uintx ReservedCodeCacheSize                    = 251658240                              {pd product} {ergonomic}
     bool SegmentedCodeCache                       = true                                      {product} {ergonomic}
   size_t SoftMaxHeapSize                          = 2120220672                             {manageable} {ergonomic}
     bool UseCompressedOops                        = true                           {product lp64_product} {ergonomic}
     bool UseG1GC                                  = true                                      {product} {ergonomic}
     bool UseLargePagesIndividualAllocation        = false                                  {pd product} {ergonomic}

Logging:
Log output configuration:
 #0: stdout all=warning uptime,level,tags foldmultilines=false
 #1: stderr all=off uptime,level,tags foldmultilines=false

Environment Variables:
PATH=C:\Program Files\Common Files\Oracle\Java\javapath;C:\Windows\system32;C:\Windows;C:\Windows\System32\Wbem;C:\Windows\System32\WindowsPowerShell\v1.0\;C:\Windows\System32\OpenSSH\;C:\Program Files\Git\cmd;C:\Users\Christianah\AppData\Local\Programs\Python\Python313\Scripts\;C:\Users\Christianah\AppData\Local\Programs\Python\Python313\;C:\Users\Christianah\AppData\Local\Microsoft\WindowsApps;
USERNAME=Christianah
OS=Windows_NT
PROCESSOR_IDENTIFIER=Intel64 Family 6 Model 78 Stepping 3, GenuineIntel
TMP=C:\Users\CHRIST~1\AppData\Local\Temp
TEMP=C:\Users\CHRIST~1\AppData\Local\Temp




Periodic native trim disabled

---------------  S Y S T E M  ---------------

OS:
 Windows 10 , 64 bit Build 19041 (10.0.19041.5072)
OS uptime: 2 days 14:24 hours

CPU: total 4 (initial active 4) (2 cores per cpu, 2 threads per core) family 6 model 78 stepping 3 microcode 0xf0, cx8, cmov, fxsr, ht, mmx, 3dnowpref, sse, sse2, sse3, ssse3, sse4.1, sse4.2, popcnt, lzcnt, tsc, tscinvbit, avx, avx2, aes, erms, clmul, bmi1, bmi2, rtm, adx, fma, vzeroupper, clflush, clflushopt, rdtscp, f16c
Processor Information for the first 4 processors :
  Max Mhz: 2501, Current Mhz: 2501, Mhz Limit: 2501

Memory: 4k page, system-wide physical 8083M (2326M free)
TotalPageFile size 32659M (AvailPageFile size 96M)
current process WorkingSet (physical memory assigned to process): 11M, peak: 11M
current process commit charge ("private bytes"): 52M, peak: 180M

vm_info: Java HotSpot(TM) 64-Bit Server VM (23.0.1+11-39) for windows-amd64 JRE (23.0.1+11-39), built on 2024-09-30T07:20:43Z with MS VC++ 17.6 (VS2022)

END.
