#
# There is insufficient memory for the Java Runtime Environment to continue.
# Native memory allocation (malloc) failed to allocate 56336 bytes. Error detail: Chunk::new
# Possible reasons:
#   The system is out of physical RAM or swap space
#   This process is running with CompressedOops enabled, and the Java Heap may be blocking the growth of the native heap
# Possible solutions:
#   Reduce memory load on the system
#   Increase physical memory or swap space
#   Check if swap backing store is full
#   Decrease Java heap size (-Xmx/-Xms)
#   Decrease number of Java threads
#   Decrease Java thread stack sizes (-Xss)
#   Set larger code cache with -XX:ReservedCodeCacheSize=
#   JVM is running with Unscaled Compressed Oops mode in which the Java heap is
#     placed in the first 4GB address space. The Java Heap base address is the
#     maximum limit for the native heap growth. Please use -XX:HeapBaseMinAddress
#     to set the Java Heap base and to place the Java Heap above 4GB virtual address.
# This output file may be truncated or incomplete.
#
#  Out of Memory Error (arena.cpp:149), pid=10836, tid=20912
#
# JRE version: Java(TM) SE Runtime Environment (23.0.1+11) (build 23.0.1+11-39)
# Java VM: Java HotSpot(TM) 64-Bit Server VM (23.0.1+11-39, mixed mode, sharing, tiered, compressed oops, compressed class ptrs, g1 gc, windows-amd64)
# No core dump will be written. Minidumps are not enabled by default on client versions of Windows
#

---------------  S U M M A R Y ------------

Command Line: --add-modules=ALL-DEFAULT jdk.compiler/com.sun.tools.javac.launcher.SourceLauncher StudentsGrade.java

Host: Intel(R) Core(TM) i5-6300U CPU @ 2.40GHz, 4 cores, 7G,  Windows 10 , 64 bit Build 19041 (10.0.19041.5072)
Time: Tue Dec  3 11:25:44 2024 W. Central Africa Standard Time elapsed time: 0.663438 seconds (0d 0h 0m 0s)

---------------  T H R E A D  ---------------

Current thread (0x0000018039f21840):  JavaThread "C2 CompilerThread0" daemon [_thread_in_native, id=20912, stack(0x0000008006400000,0x0000008006500000) (1024K)]


Current CompileTask:
C2:663  923       4       java.util.HashMap::putVal (300 bytes)

Stack: [0x0000008006400000,0x0000008006500000]
Native frames: (J=compiled Java code, j=interpreted, Vv=VM code, C=native code)
V  [jvm.dll+0x6e08b9]  (no source info available)
V  [jvm.dll+0x87dc83]  (no source info available)
V  [jvm.dll+0x88010e]  (no source info available)
V  [jvm.dll+0x8807e3]  (no source info available)
V  [jvm.dll+0x27aee6]  (no source info available)
V  [jvm.dll+0xbc06f]  (no source info available)
V  [jvm.dll+0xbc2cb]  (no source info available)
V  [jvm.dll+0x5e7aba]  (no source info available)
V  [jvm.dll+0x1dbe51]  (no source info available)
V  [jvm.dll+0x244be5]  (no source info available)
V  [jvm.dll+0x243dff]  (no source info available)
V  [jvm.dll+0x1c33a0]  (no source info available)
V  [jvm.dll+0x253cf1]  (no source info available)
V  [jvm.dll+0x251faa]  (no source info available)
V  [jvm.dll+0x3ee036]  (no source info available)
V  [jvm.dll+0x824f8b]  (no source info available)
V  [jvm.dll+0x6df065]  (no source info available)
C  [ucrtbase.dll+0x21bb2]  (no source info available)
C  [KERNEL32.DLL+0x17374]  (no source info available)
C  [ntdll.dll+0x4cc91]  (no source info available)

Lock stack of current Java thread (top to bottom):


---------------  P R O C E S S  ---------------

Threads class SMR info:
_java_thread_list=0x000001807f7acdc0, length=12, elements={
0x000001801b88cbc0, 0x0000018039f09700, 0x0000018039f0b630, 0x0000018039f0f660,
0x0000018039f100c0, 0x0000018039f12b30, 0x0000018039f13590, 0x0000018039f21840,
0x0000018039f222f0, 0x000001807f0df880, 0x000001807f1dd2b0, 0x000001807fb481b0
}

Java Threads: ( => current thread )
  0x000001801b88cbc0 JavaThread "main"                              [_thread_blocked, id=21508, stack(0x0000008005600000,0x0000008005700000) (1024K)]
  0x0000018039f09700 JavaThread "Reference Handler"          daemon [_thread_blocked, id=10048, stack(0x0000008005e00000,0x0000008005f00000) (1024K)]
  0x0000018039f0b630 JavaThread "Finalizer"                  daemon [_thread_blocked, id=19776, stack(0x0000008005f00000,0x0000008006000000) (1024K)]
  0x0000018039f0f660 JavaThread "Signal Dispatcher"          daemon [_thread_blocked, id=15836, stack(0x0000008006000000,0x0000008006100000) (1024K)]
  0x0000018039f100c0 JavaThread "Attach Listener"            daemon [_thread_blocked, id=11032, stack(0x0000008006100000,0x0000008006200000) (1024K)]
  0x0000018039f12b30 JavaThread "Service Thread"             daemon [_thread_blocked, id=17800, stack(0x0000008006200000,0x0000008006300000) (1024K)]
  0x0000018039f13590 JavaThread "Monitor Deflation Thread"   daemon [_thread_blocked, id=1528, stack(0x0000008006300000,0x0000008006400000) (1024K)]
=>0x0000018039f21840 JavaThread "C2 CompilerThread0"         daemon [_thread_in_native, id=20912, stack(0x0000008006400000,0x0000008006500000) (1024K)]
  0x0000018039f222f0 JavaThread "C1 CompilerThread0"         daemon [_thread_blocked, id=14608, stack(0x0000008006500000,0x0000008006600000) (1024K)]
  0x000001807f0df880 JavaThread "Common-Cleaner"             daemon [_thread_blocked, id=18436, stack(0x0000008006600000,0x0000008006700000) (1024K)]
  0x000001807f1dd2b0 JavaThread "Notification Thread"        daemon [_thread_blocked, id=18944, stack(0x0000008006700000,0x0000008006800000) (1024K)]
  0x000001807fb481b0 JavaThread "C2 CompilerThread1"         daemon [_thread_blocked, id=14328, stack(0x0000008006800000,0x0000008006900000) (1024K)]
Total: 12

Other Threads:
  0x0000018039ef13d0 VMThread "VM Thread"                           [id=572, stack(0x0000008005d00000,0x0000008005e00000) (1024K)]
  0x0000018039ee1180 WatcherThread "VM Periodic Task Thread"        [id=9632, stack(0x0000008005c00000,0x0000008005d00000) (1024K)]
  0x000001801db72090 WorkerThread "GC Thread#0"                     [id=20676, stack(0x0000008005700000,0x0000008005800000) (1024K)]
  0x000001801dbc4410 ConcurrentGCThread "G1 Main Marker"            [id=1168, stack(0x0000008005800000,0x0000008005900000) (1024K)]
  0x000001801dbc56c0 WorkerThread "G1 Conc#0"                       [id=17752, stack(0x0000008005900000,0x0000008005a00000) (1024K)]
  0x0000018039d9f5d0 ConcurrentGCThread "G1 Refine#0"               [id=16404, stack(0x0000008005a00000,0x0000008005b00000) (1024K)]
  0x0000018039da2160 ConcurrentGCThread "G1 Service"                [id=21156, stack(0x0000008005b00000,0x0000008005c00000) (1024K)]
Total: 7

Threads with active compile tasks:
C2 CompilerThread0  775  923       4       java.util.HashMap::putVal (300 bytes)
Total: 1

VM state: not at safepoint (normal execution)

VM Mutex/Monitor currently owned by a thread: None

Heap address: 0x0000000081a00000, size: 2022 MB, Compressed Oops mode: 32-bit

CDS archive(s) mapped at: [0x000001803a000000-0x000001803ad70000-0x000001803ad70000), size 14090240, SharedBaseAddress: 0x000001803a000000, ArchiveRelocationMode: 1.
Compressed class space mapped at: 0x000001803b000000-0x000001807b000000, reserved size: 1073741824
Narrow klass base: 0x000001803a000000, Narrow klass shift: 0, Narrow klass range: 0x41000000

GC Precious Log:
 CardTable entry size: 512
 Card Set container configuration: InlinePtr #cards 5 size 8 Array Of Cards #cards 10 size 36 Howl #buckets 4 coarsen threshold 1843 Howl Bitmap #cards 512 size 80 coarsen threshold 460 Card regions per heap region 1 cards per card region 2048
 CPUs: 4 total, 4 available
 Memory: 8083M
 Large Page Support: Disabled
 NUMA Support: Disabled
 Compressed Oops: Enabled (32-bit)
 Heap Region Size: 1M
 Heap Min Capacity: 8M
 Heap Initial Capacity: 128M
 Heap Max Capacity: 2022M
 Pre-touch: Disabled
 Parallel Workers: 4
 Concurrent Workers: 1
 Concurrent Refinement Workers: 4
 Periodic GC: Disabled

Heap:
 garbage-first heap   total reserved 2070528K, committed 131072K, used 13312K [0x0000000081a00000, 0x0000000100000000)
  region size 1024K, 14 young (14336K), 0 survivors (0K)
 Metaspace       used 8683K, committed 8832K, reserved 1114112K
  class space    used 1025K, committed 1088K, reserved 1048576K

Heap Regions: E=young(eden), S=young(survivor), O=old, HS=humongous(starts), HC=humongous(continues), CS=collection set, F=free, TAMS=top-at-mark-start, PB=parsable bottom
|   0|0x0000000081a00000, 0x0000000081a00000, 0x0000000081b00000|  0%| F|  |TAMS 0x0000000081a00000| PB 0x0000000081a00000| Untracked |  0
|   1|0x0000000081b00000, 0x0000000081b00000, 0x0000000081c00000|  0%| F|  |TAMS 0x0000000081b00000| PB 0x0000000081b00000| Untracked |  0
|   2|0x0000000081c00000, 0x0000000081c00000, 0x0000000081d00000|  0%| F|  |TAMS 0x0000000081c00000| PB 0x0000000081c00000| Untracked |  0
|   3|0x0000000081d00000, 0x0000000081d00000, 0x0000000081e00000|  0%| F|  |TAMS 0x0000000081d00000| PB 0x0000000081d00000| Untracked |  0
|   4|0x0000000081e00000, 0x0000000081e00000, 0x0000000081f00000|  0%| F|  |TAMS 0x0000000081e00000| PB 0x0000000081e00000| Untracked |  0
|   5|0x0000000081f00000, 0x0000000081f00000, 0x0000000082000000|  0%| F|  |TAMS 0x0000000081f00000| PB 0x0000000081f00000| Untracked |  0
|   6|0x0000000082000000, 0x0000000082000000, 0x0000000082100000|  0%| F|  |TAMS 0x0000000082000000| PB 0x0000000082000000| Untracked |  0
|   7|0x0000000082100000, 0x0000000082100000, 0x0000000082200000|  0%| F|  |TAMS 0x0000000082100000| PB 0x0000000082100000| Untracked |  0
|   8|0x0000000082200000, 0x0000000082200000, 0x0000000082300000|  0%| F|  |TAMS 0x0000000082200000| PB 0x0000000082200000| Untracked |  0
|   9|0x0000000082300000, 0x0000000082300000, 0x0000000082400000|  0%| F|  |TAMS 0x0000000082300000| PB 0x0000000082300000| Untracked |  0
|  10|0x0000000082400000, 0x0000000082400000, 0x0000000082500000|  0%| F|  |TAMS 0x0000000082400000| PB 0x0000000082400000| Untracked |  0
|  11|0x0000000082500000, 0x0000000082500000, 0x0000000082600000|  0%| F|  |TAMS 0x0000000082500000| PB 0x0000000082500000| Untracked |  0
|  12|0x0000000082600000, 0x0000000082600000, 0x0000000082700000|  0%| F|  |TAMS 0x0000000082600000| PB 0x0000000082600000| Untracked |  0
|  13|0x0000000082700000, 0x0000000082700000, 0x0000000082800000|  0%| F|  |TAMS 0x0000000082700000| PB 0x0000000082700000| Untracked |  0
|  14|0x0000000082800000, 0x0000000082800000, 0x0000000082900000|  0%| F|  |TAMS 0x0000000082800000| PB 0x0000000082800000| Untracked |  0
|  15|0x0000000082900000, 0x0000000082900000, 0x0000000082a00000|  0%| F|  |TAMS 0x0000000082900000| PB 0x0000000082900000| Untracked |  0
|  16|0x0000000082a00000, 0x0000000082a00000, 0x0000000082b00000|  0%| F|  |TAMS 0x0000000082a00000| PB 0x0000000082a00000| Untracked |  0
|  17|0x0000000082b00000, 0x0000000082b00000, 0x0000000082c00000|  0%| F|  |TAMS 0x0000000082b00000| PB 0x0000000082b00000| Untracked |  0
|  18|0x0000000082c00000, 0x0000000082c00000, 0x0000000082d00000|  0%| F|  |TAMS 0x0000000082c00000| PB 0x0000000082c00000| Untracked |  0
|  19|0x0000000082d00000, 0x0000000082d00000, 0x0000000082e00000|  0%| F|  |TAMS 0x0000000082d00000| PB 0x0000000082d00000| Untracked |  0
|  20|0x0000000082e00000, 0x0000000082e00000, 0x0000000082f00000|  0%| F|  |TAMS 0x0000000082e00000| PB 0x0000000082e00000| Untracked |  0
|  21|0x0000000082f00000, 0x0000000082f00000, 0x0000000083000000|  0%| F|  |TAMS 0x0000000082f00000| PB 0x0000000082f00000| Untracked |  0
|  22|0x0000000083000000, 0x0000000083000000, 0x0000000083100000|  0%| F|  |TAMS 0x0000000083000000| PB 0x0000000083000000| Untracked |  0
|  23|0x0000000083100000, 0x0000000083100000, 0x0000000083200000|  0%| F|  |TAMS 0x0000000083100000| PB 0x0000000083100000| Untracked |  0
|  24|0x0000000083200000, 0x0000000083200000, 0x0000000083300000|  0%| F|  |TAMS 0x0000000083200000| PB 0x0000000083200000| Untracked |  0
|  25|0x0000000083300000, 0x0000000083300000, 0x0000000083400000|  0%| F|  |TAMS 0x0000000083300000| PB 0x0000000083300000| Untracked |  0
|  26|0x0000000083400000, 0x0000000083400000, 0x0000000083500000|  0%| F|  |TAMS 0x0000000083400000| PB 0x0000000083400000| Untracked |  0
|  27|0x0000000083500000, 0x0000000083500000, 0x0000000083600000|  0%| F|  |TAMS 0x0000000083500000| PB 0x0000000083500000| Untracked |  0
|  28|0x0000000083600000, 0x0000000083600000, 0x0000000083700000|  0%| F|  |TAMS 0x0000000083600000| PB 0x0000000083600000| Untracked |  0
|  29|0x0000000083700000, 0x0000000083700000, 0x0000000083800000|  0%| F|  |TAMS 0x0000000083700000| PB 0x0000000083700000| Untracked |  0
|  30|0x0000000083800000, 0x0000000083800000, 0x0000000083900000|  0%| F|  |TAMS 0x0000000083800000| PB 0x0000000083800000| Untracked |  0
|  31|0x0000000083900000, 0x0000000083900000, 0x0000000083a00000|  0%| F|  |TAMS 0x0000000083900000| PB 0x0000000083900000| Untracked |  0
|  32|0x0000000083a00000, 0x0000000083a00000, 0x0000000083b00000|  0%| F|  |TAMS 0x0000000083a00000| PB 0x0000000083a00000| Untracked |  0
|  33|0x0000000083b00000, 0x0000000083b00000, 0x0000000083c00000|  0%| F|  |TAMS 0x0000000083b00000| PB 0x0000000083b00000| Untracked |  0
|  34|0x0000000083c00000, 0x0000000083c00000, 0x0000000083d00000|  0%| F|  |TAMS 0x0000000083c00000| PB 0x0000000083c00000| Untracked |  0
|  35|0x0000000083d00000, 0x0000000083d00000, 0x0000000083e00000|  0%| F|  |TAMS 0x0000000083d00000| PB 0x0000000083d00000| Untracked |  0
|  36|0x0000000083e00000, 0x0000000083e00000, 0x0000000083f00000|  0%| F|  |TAMS 0x0000000083e00000| PB 0x0000000083e00000| Untracked |  0
|  37|0x0000000083f00000, 0x0000000083f00000, 0x0000000084000000|  0%| F|  |TAMS 0x0000000083f00000| PB 0x0000000083f00000| Untracked |  0
|  38|0x0000000084000000, 0x0000000084000000, 0x0000000084100000|  0%| F|  |TAMS 0x0000000084000000| PB 0x0000000084000000| Untracked |  0
|  39|0x0000000084100000, 0x0000000084100000, 0x0000000084200000|  0%| F|  |TAMS 0x0000000084100000| PB 0x0000000084100000| Untracked |  0
|  40|0x0000000084200000, 0x0000000084200000, 0x0000000084300000|  0%| F|  |TAMS 0x0000000084200000| PB 0x0000000084200000| Untracked |  0
|  41|0x0000000084300000, 0x0000000084300000, 0x0000000084400000|  0%| F|  |TAMS 0x0000000084300000| PB 0x0000000084300000| Untracked |  0
|  42|0x0000000084400000, 0x0000000084400000, 0x0000000084500000|  0%| F|  |TAMS 0x0000000084400000| PB 0x0000000084400000| Untracked |  0
|  43|0x0000000084500000, 0x0000000084500000, 0x0000000084600000|  0%| F|  |TAMS 0x0000000084500000| PB 0x0000000084500000| Untracked |  0
|  44|0x0000000084600000, 0x0000000084600000, 0x0000000084700000|  0%| F|  |TAMS 0x0000000084600000| PB 0x0000000084600000| Untracked |  0
|  45|0x0000000084700000, 0x0000000084700000, 0x0000000084800000|  0%| F|  |TAMS 0x0000000084700000| PB 0x0000000084700000| Untracked |  0
|  46|0x0000000084800000, 0x0000000084800000, 0x0000000084900000|  0%| F|  |TAMS 0x0000000084800000| PB 0x0000000084800000| Untracked |  0
|  47|0x0000000084900000, 0x0000000084900000, 0x0000000084a00000|  0%| F|  |TAMS 0x0000000084900000| PB 0x0000000084900000| Untracked |  0
|  48|0x0000000084a00000, 0x0000000084a00000, 0x0000000084b00000|  0%| F|  |TAMS 0x0000000084a00000| PB 0x0000000084a00000| Untracked |  0
|  49|0x0000000084b00000, 0x0000000084b00000, 0x0000000084c00000|  0%| F|  |TAMS 0x0000000084b00000| PB 0x0000000084b00000| Untracked |  0
|  50|0x0000000084c00000, 0x0000000084c00000, 0x0000000084d00000|  0%| F|  |TAMS 0x0000000084c00000| PB 0x0000000084c00000| Untracked |  0
|  51|0x0000000084d00000, 0x0000000084d00000, 0x0000000084e00000|  0%| F|  |TAMS 0x0000000084d00000| PB 0x0000000084d00000| Untracked |  0
|  52|0x0000000084e00000, 0x0000000084e00000, 0x0000000084f00000|  0%| F|  |TAMS 0x0000000084e00000| PB 0x0000000084e00000| Untracked |  0
|  53|0x0000000084f00000, 0x0000000084f00000, 0x0000000085000000|  0%| F|  |TAMS 0x0000000084f00000| PB 0x0000000084f00000| Untracked |  0
|  54|0x0000000085000000, 0x0000000085000000, 0x0000000085100000|  0%| F|  |TAMS 0x0000000085000000| PB 0x0000000085000000| Untracked |  0
|  55|0x0000000085100000, 0x0000000085100000, 0x0000000085200000|  0%| F|  |TAMS 0x0000000085100000| PB 0x0000000085100000| Untracked |  0
|  56|0x0000000085200000, 0x0000000085200000, 0x0000000085300000|  0%| F|  |TAMS 0x0000000085200000| PB 0x0000000085200000| Untracked |  0
|  57|0x0000000085300000, 0x0000000085300000, 0x0000000085400000|  0%| F|  |TAMS 0x0000000085300000| PB 0x0000000085300000| Untracked |  0
|  58|0x0000000085400000, 0x0000000085400000, 0x0000000085500000|  0%| F|  |TAMS 0x0000000085400000| PB 0x0000000085400000| Untracked |  0
|  59|0x0000000085500000, 0x0000000085500000, 0x0000000085600000|  0%| F|  |TAMS 0x0000000085500000| PB 0x0000000085500000| Untracked |  0
|  60|0x0000000085600000, 0x0000000085600000, 0x0000000085700000|  0%| F|  |TAMS 0x0000000085600000| PB 0x0000000085600000| Untracked |  0
|  61|0x0000000085700000, 0x0000000085700000, 0x0000000085800000|  0%| F|  |TAMS 0x0000000085700000| PB 0x0000000085700000| Untracked |  0
|  62|0x0000000085800000, 0x0000000085800000, 0x0000000085900000|  0%| F|  |TAMS 0x0000000085800000| PB 0x0000000085800000| Untracked |  0
|  63|0x0000000085900000, 0x0000000085900000, 0x0000000085a00000|  0%| F|  |TAMS 0x0000000085900000| PB 0x0000000085900000| Untracked |  0
|  64|0x0000000085a00000, 0x0000000085a00000, 0x0000000085b00000|  0%| F|  |TAMS 0x0000000085a00000| PB 0x0000000085a00000| Untracked |  0
|  65|0x0000000085b00000, 0x0000000085b00000, 0x0000000085c00000|  0%| F|  |TAMS 0x0000000085b00000| PB 0x0000000085b00000| Untracked |  0
|  66|0x0000000085c00000, 0x0000000085c00000, 0x0000000085d00000|  0%| F|  |TAMS 0x0000000085c00000| PB 0x0000000085c00000| Untracked |  0
|  67|0x0000000085d00000, 0x0000000085d00000, 0x0000000085e00000|  0%| F|  |TAMS 0x0000000085d00000| PB 0x0000000085d00000| Untracked |  0
|  68|0x0000000085e00000, 0x0000000085e00000, 0x0000000085f00000|  0%| F|  |TAMS 0x0000000085e00000| PB 0x0000000085e00000| Untracked |  0
|  69|0x0000000085f00000, 0x0000000085f00000, 0x0000000086000000|  0%| F|  |TAMS 0x0000000085f00000| PB 0x0000000085f00000| Untracked |  0
|  70|0x0000000086000000, 0x0000000086000000, 0x0000000086100000|  0%| F|  |TAMS 0x0000000086000000| PB 0x0000000086000000| Untracked |  0
|  71|0x0000000086100000, 0x0000000086100000, 0x0000000086200000|  0%| F|  |TAMS 0x0000000086100000| PB 0x0000000086100000| Untracked |  0
|  72|0x0000000086200000, 0x0000000086200000, 0x0000000086300000|  0%| F|  |TAMS 0x0000000086200000| PB 0x0000000086200000| Untracked |  0
|  73|0x0000000086300000, 0x0000000086300000, 0x0000000086400000|  0%| F|  |TAMS 0x0000000086300000| PB 0x0000000086300000| Untracked |  0
|  74|0x0000000086400000, 0x0000000086400000, 0x0000000086500000|  0%| F|  |TAMS 0x0000000086400000| PB 0x0000000086400000| Untracked |  0
|  75|0x0000000086500000, 0x0000000086500000, 0x0000000086600000|  0%| F|  |TAMS 0x0000000086500000| PB 0x0000000086500000| Untracked |  0
|  76|0x0000000086600000, 0x0000000086600000, 0x0000000086700000|  0%| F|  |TAMS 0x0000000086600000| PB 0x0000000086600000| Untracked |  0
|  77|0x0000000086700000, 0x0000000086700000, 0x0000000086800000|  0%| F|  |TAMS 0x0000000086700000| PB 0x0000000086700000| Untracked |  0
|  78|0x0000000086800000, 0x0000000086800000, 0x0000000086900000|  0%| F|  |TAMS 0x0000000086800000| PB 0x0000000086800000| Untracked |  0
|  79|0x0000000086900000, 0x0000000086900000, 0x0000000086a00000|  0%| F|  |TAMS 0x0000000086900000| PB 0x0000000086900000| Untracked |  0
|  80|0x0000000086a00000, 0x0000000086a00000, 0x0000000086b00000|  0%| F|  |TAMS 0x0000000086a00000| PB 0x0000000086a00000| Untracked |  0
|  81|0x0000000086b00000, 0x0000000086b00000, 0x0000000086c00000|  0%| F|  |TAMS 0x0000000086b00000| PB 0x0000000086b00000| Untracked |  0
|  82|0x0000000086c00000, 0x0000000086c00000, 0x0000000086d00000|  0%| F|  |TAMS 0x0000000086c00000| PB 0x0000000086c00000| Untracked |  0
|  83|0x0000000086d00000, 0x0000000086d00000, 0x0000000086e00000|  0%| F|  |TAMS 0x0000000086d00000| PB 0x0000000086d00000| Untracked |  0
|  84|0x0000000086e00000, 0x0000000086e00000, 0x0000000086f00000|  0%| F|  |TAMS 0x0000000086e00000| PB 0x0000000086e00000| Untracked |  0
|  85|0x0000000086f00000, 0x0000000086f00000, 0x0000000087000000|  0%| F|  |TAMS 0x0000000086f00000| PB 0x0000000086f00000| Untracked |  0
|  86|0x0000000087000000, 0x0000000087000000, 0x0000000087100000|  0%| F|  |TAMS 0x0000000087000000| PB 0x0000000087000000| Untracked |  0
|  87|0x0000000087100000, 0x0000000087100000, 0x0000000087200000|  0%| F|  |TAMS 0x0000000087100000| PB 0x0000000087100000| Untracked |  0
|  88|0x0000000087200000, 0x0000000087200000, 0x0000000087300000|  0%| F|  |TAMS 0x0000000087200000| PB 0x0000000087200000| Untracked |  0
|  89|0x0000000087300000, 0x0000000087300000, 0x0000000087400000|  0%| F|  |TAMS 0x0000000087300000| PB 0x0000000087300000| Untracked |  0
|  90|0x0000000087400000, 0x0000000087400000, 0x0000000087500000|  0%| F|  |TAMS 0x0000000087400000| PB 0x0000000087400000| Untracked |  0
|  91|0x0000000087500000, 0x0000000087500000, 0x0000000087600000|  0%| F|  |TAMS 0x0000000087500000| PB 0x0000000087500000| Untracked |  0
|  92|0x0000000087600000, 0x0000000087600000, 0x0000000087700000|  0%| F|  |TAMS 0x0000000087600000| PB 0x0000000087600000| Untracked |  0
|  93|0x0000000087700000, 0x0000000087700000, 0x0000000087800000|  0%| F|  |TAMS 0x0000000087700000| PB 0x0000000087700000| Untracked |  0
|  94|0x0000000087800000, 0x0000000087800000, 0x0000000087900000|  0%| F|  |TAMS 0x0000000087800000| PB 0x0000000087800000| Untracked |  0
|  95|0x0000000087900000, 0x0000000087900000, 0x0000000087a00000|  0%| F|  |TAMS 0x0000000087900000| PB 0x0000000087900000| Untracked |  0
|  96|0x0000000087a00000, 0x0000000087a00000, 0x0000000087b00000|  0%| F|  |TAMS 0x0000000087a00000| PB 0x0000000087a00000| Untracked |  0
|  97|0x0000000087b00000, 0x0000000087b00000, 0x0000000087c00000|  0%| F|  |TAMS 0x0000000087b00000| PB 0x0000000087b00000| Untracked |  0
|  98|0x0000000087c00000, 0x0000000087c00000, 0x0000000087d00000|  0%| F|  |TAMS 0x0000000087c00000| PB 0x0000000087c00000| Untracked |  0
|  99|0x0000000087d00000, 0x0000000087d00000, 0x0000000087e00000|  0%| F|  |TAMS 0x0000000087d00000| PB 0x0000000087d00000| Untracked |  0
| 100|0x0000000087e00000, 0x0000000087e00000, 0x0000000087f00000|  0%| F|  |TAMS 0x0000000087e00000| PB 0x0000000087e00000| Untracked |  0
| 101|0x0000000087f00000, 0x0000000087f00000, 0x0000000088000000|  0%| F|  |TAMS 0x0000000087f00000| PB 0x0000000087f00000| Untracked |  0
| 102|0x0000000088000000, 0x0000000088000000, 0x0000000088100000|  0%| F|  |TAMS 0x0000000088000000| PB 0x0000000088000000| Untracked |  0
| 103|0x0000000088100000, 0x0000000088100000, 0x0000000088200000|  0%| F|  |TAMS 0x0000000088100000| PB 0x0000000088100000| Untracked |  0
| 104|0x0000000088200000, 0x0000000088200000, 0x0000000088300000|  0%| F|  |TAMS 0x0000000088200000| PB 0x0000000088200000| Untracked |  0
| 105|0x0000000088300000, 0x0000000088300000, 0x0000000088400000|  0%| F|  |TAMS 0x0000000088300000| PB 0x0000000088300000| Untracked |  0
| 106|0x0000000088400000, 0x0000000088400000, 0x0000000088500000|  0%| F|  |TAMS 0x0000000088400000| PB 0x0000000088400000| Untracked |  0
| 107|0x0000000088500000, 0x0000000088500000, 0x0000000088600000|  0%| F|  |TAMS 0x0000000088500000| PB 0x0000000088500000| Untracked |  0
| 108|0x0000000088600000, 0x0000000088600000, 0x0000000088700000|  0%| F|  |TAMS 0x0000000088600000| PB 0x0000000088600000| Untracked |  0
| 109|0x0000000088700000, 0x0000000088700000, 0x0000000088800000|  0%| F|  |TAMS 0x0000000088700000| PB 0x0000000088700000| Untracked |  0
| 110|0x0000000088800000, 0x0000000088800000, 0x0000000088900000|  0%| F|  |TAMS 0x0000000088800000| PB 0x0000000088800000| Untracked |  0
| 111|0x0000000088900000, 0x0000000088900000, 0x0000000088a00000|  0%| F|  |TAMS 0x0000000088900000| PB 0x0000000088900000| Untracked |  0
| 112|0x0000000088a00000, 0x0000000088a00000, 0x0000000088b00000|  0%| F|  |TAMS 0x0000000088a00000| PB 0x0000000088a00000| Untracked |  0
| 113|0x0000000088b00000, 0x0000000088b00000, 0x0000000088c00000|  0%| F|  |TAMS 0x0000000088b00000| PB 0x0000000088b00000| Untracked |  0
| 114|0x0000000088c00000, 0x0000000088cd75d8, 0x0000000088d00000| 84%| E|  |TAMS 0x0000000088c00000| PB 0x0000000088c00000| Complete |  0
| 115|0x0000000088d00000, 0x0000000088e00000, 0x0000000088e00000|100%| E|CS|TAMS 0x0000000088d00000| PB 0x0000000088d00000| Complete |  0
| 116|0x0000000088e00000, 0x0000000088f00000, 0x0000000088f00000|100%| E|CS|TAMS 0x0000000088e00000| PB 0x0000000088e00000| Complete |  0
| 117|0x0000000088f00000, 0x0000000089000000, 0x0000000089000000|100%| E|CS|TAMS 0x0000000088f00000| PB 0x0000000088f00000| Complete |  0
| 118|0x0000000089000000, 0x0000000089100000, 0x0000000089100000|100%| E|CS|TAMS 0x0000000089000000| PB 0x0000000089000000| Complete |  0
| 119|0x0000000089100000, 0x0000000089200000, 0x0000000089200000|100%| E|CS|TAMS 0x0000000089100000| PB 0x0000000089100000| Complete |  0
| 120|0x0000000089200000, 0x0000000089300000, 0x0000000089300000|100%| E|CS|TAMS 0x0000000089200000| PB 0x0000000089200000| Complete |  0
| 121|0x0000000089300000, 0x0000000089400000, 0x0000000089400000|100%| E|CS|TAMS 0x0000000089300000| PB 0x0000000089300000| Complete |  0
| 122|0x0000000089400000, 0x0000000089500000, 0x0000000089500000|100%| E|CS|TAMS 0x0000000089400000| PB 0x0000000089400000| Complete |  0
| 123|0x0000000089500000, 0x0000000089600000, 0x0000000089600000|100%| E|CS|TAMS 0x0000000089500000| PB 0x0000000089500000| Complete |  0
| 124|0x0000000089600000, 0x0000000089700000, 0x0000000089700000|100%| E|CS|TAMS 0x0000000089600000| PB 0x0000000089600000| Complete |  0
| 125|0x0000000089700000, 0x0000000089800000, 0x0000000089800000|100%| E|CS|TAMS 0x0000000089700000| PB 0x0000000089700000| Complete |  0
| 126|0x0000000089800000, 0x0000000089900000, 0x0000000089900000|100%| E|CS|TAMS 0x0000000089800000| PB 0x0000000089800000| Complete |  0
| 127|0x0000000089900000, 0x0000000089a00000, 0x0000000089a00000|100%| E|CS|TAMS 0x0000000089900000| PB 0x0000000089900000| Complete |  0

Card table byte_map: [0x0000018035660000,0x0000018035a60000] _byte_map_base: 0x0000018035253000

Marking Bits: (CMBitMap*) 0x000001801db727a0
 Bits: [0x0000018035a60000, 0x00000180379f8000)

Polling page: 0x000001801b7e0000

Metaspace:

Usage:
  Non-class:      7.48 MB used.
      Class:      1.00 MB used.
       Both:      8.48 MB used.

Virtual space:
  Non-class space:       64.00 MB reserved,       7.56 MB ( 12%) committed,  1 nodes.
      Class space:        1.00 GB reserved,       1.06 MB ( <1%) committed,  1 nodes.
             Both:        1.06 GB reserved,       8.62 MB ( <1%) committed. 

Chunk freelists:
   Non-Class:  6.19 MB
       Class:  14.88 MB
        Both:  21.06 MB

MaxMetaspaceSize: unlimited
CompressedClassSpaceSize: 1.00 GB
Initial GC threshold: 21.00 MB
Current GC threshold: 21.00 MB
CDS: on
 - commit_granule_bytes: 65536.
 - commit_granule_words: 8192.
 - virtual_space_node_default_size: 8388608.
 - enlarge_chunks_in_place: 1.
 - use_allocation_guard: 0.


Internal statistics:

num_allocs_failed_limit: 0.
num_arena_births: 106.
num_arena_deaths: 0.
num_vsnodes_births: 2.
num_vsnodes_deaths: 0.
num_space_committed: 138.
num_space_uncommitted: 0.
num_chunks_returned_to_freelist: 0.
num_chunks_taken_from_freelist: 388.
num_chunk_merges: 0.
num_chunk_splits: 279.
num_chunks_enlarged: 213.
num_inconsistent_stats: 0.

CodeHeap 'non-profiled nmethods': size=120064Kb used=303Kb max_used=303Kb free=119760Kb
 bounds [0x000001802dd20000, 0x000001802df90000, 0x0000018035260000]
CodeHeap 'profiled nmethods': size=120000Kb used=1485Kb max_used=1485Kb free=118514Kb
 bounds [0x0000018026260000, 0x00000180264d0000, 0x000001802d790000]
CodeHeap 'non-nmethods': size=5696Kb used=1338Kb max_used=1362Kb free=4357Kb
 bounds [0x000001802d790000, 0x000001802da00000, 0x000001802dd20000]
CodeCache: size=245760Kb, used=3126Kb, max_used=3150Kb, free=242631Kb
 total_blobs=1542, nmethods=1091, adapters=357, full_count=0
Compilation: enabled, stopped_count=0, restarted_count=0

Compilation events (20 events):
Event: 0.657 Thread 0x0000018039f222f0 nmethod 970 0x0000018026394888 code [0x00000180263949a0, 0x0000018026394b78]
Event: 0.657 Thread 0x0000018039f222f0  971       3       java.lang.StringBuilder::<init> (6 bytes)
Event: 0.657 Thread 0x0000018039f222f0 nmethod 971 0x0000018026394b88 code [0x0000018026394ca0, 0x0000018026394dd8]
Event: 0.657 Thread 0x0000018039f222f0  973       1       jdk.internal.jimage.ImageReader$Node::getNameString (5 bytes)
Event: 0.657 Thread 0x0000018039f222f0 nmethod 973 0x000001802dd64a08 code [0x000001802dd64b20, 0x000001802dd64be8]
Event: 0.657 Thread 0x0000018039f222f0  975       3       java.util.stream.SpinedBuffer::accept (94 bytes)
Event: 0.658 Thread 0x0000018039f222f0 nmethod 975 0x0000018026394e88 code [0x0000018026395000, 0x00000180263958b8]
Event: 0.658 Thread 0x0000018039f222f0  972       1       java.util.stream.Sink::cancellationRequested (2 bytes)
Event: 0.658 Thread 0x0000018039f222f0 nmethod 972 0x000001802dd64d08 code [0x000001802dd64e20, 0x000001802dd64ee8]
Event: 0.658 Thread 0x0000018039f222f0  976       3       jdk.internal.jrtfs.JrtPath::getFileName (78 bytes)
Event: 0.658 Thread 0x000001807fb481b0 nmethod 921 0x000001802dd65008 code [0x000001802dd65180, 0x000001802dd65e70]
Event: 0.659 Thread 0x000001807fb481b0  925       4       java.util.HashMap::put (13 bytes)
Event: 0.660 Thread 0x0000018039f222f0 nmethod 976 0x0000018026395908 code [0x0000018026395b60, 0x0000018026396b08]
Event: 0.660 Thread 0x0000018039f222f0  981       3       jdk.internal.jrtfs.JrtPath::getFileSystem (5 bytes)
Event: 0.660 Thread 0x0000018039f222f0 nmethod 981 0x0000018026396c08 code [0x0000018026396d20, 0x0000018026396e40]
Event: 0.660 Thread 0x0000018039f222f0  977       3       java.util.ArrayList$ArrayListSpliterator::getFence (35 bytes)
Event: 0.660 Thread 0x0000018039f222f0 nmethod 977 0x0000018026396f08 code [0x0000018026397020, 0x0000018026397170]
Event: 0.660 Thread 0x0000018039f222f0  982       3       jdk.internal.jrtfs.JrtFileSystemProvider::toJrtPath (27 bytes)
Event: 0.660 Thread 0x0000018039f222f0 nmethod 982 0x0000018026397208 code [0x0000018026397360, 0x0000018026397860]
Event: 0.660 Thread 0x0000018039f222f0  979       3       java.util.Spliterators$1Adapter::hasNext (23 bytes)

GC Heap History (0 events):
No events

Dll operation events (5 events):
Event: 0.010 Loaded shared library C:\Program Files\Java\jdk-23\bin\java.dll
Event: 0.047 Loaded shared library C:\Program Files\Java\jdk-23\bin\jsvml.dll
Event: 0.105 Loaded shared library C:\Program Files\Java\jdk-23\bin\jimage.dll
Event: 0.113 Loaded shared library C:\Program Files\Java\jdk-23\bin\net.dll
Event: 0.115 Loaded shared library C:\Program Files\Java\jdk-23\bin\nio.dll

Deoptimization events (16 events):
Event: 0.214 Thread 0x000001801b88cbc0 Uncommon trap: trap_request=0xffffff45 fr.pc=0x000001802dd2f780 relative=0x00000000000008c0
Event: 0.214 Thread 0x000001801b88cbc0 Uncommon trap: reason=unstable_if action=reinterpret pc=0x000001802dd2f780 method=java.util.HashMap.putVal(ILjava/lang/Object;Ljava/lang/Object;ZZ)Ljava/lang/Object; @ 69 c2
Event: 0.215 Thread 0x000001801b88cbc0 DEOPT PACKING pc=0x000001802dd2f780 sp=0x00000080056fef70
Event: 0.215 Thread 0x000001801b88cbc0 DEOPT UNPACKING pc=0x000001802d7e4402 sp=0x00000080056fef20 mode 2
Event: 0.503 Thread 0x000001801b88cbc0 Uncommon trap: trap_request=0xffffff45 fr.pc=0x000001802dd4e730 relative=0x00000000000000b0
Event: 0.503 Thread 0x000001801b88cbc0 Uncommon trap: reason=unstable_if action=reinterpret pc=0x000001802dd4e730 method=java.util.HashMap.hash(Ljava/lang/Object;)I @ 1 c2
Event: 0.503 Thread 0x000001801b88cbc0 DEOPT PACKING pc=0x000001802dd4e730 sp=0x00000080056fe570
Event: 0.503 Thread 0x000001801b88cbc0 DEOPT UNPACKING pc=0x000001802d7e4402 sp=0x00000080056fe508 mode 2
Event: 0.620 Thread 0x000001801b88cbc0 Uncommon trap: trap_request=0xffffff45 fr.pc=0x000001802dd5c20c relative=0x0000000000000cac
Event: 0.620 Thread 0x000001801b88cbc0 Uncommon trap: reason=unstable_if action=reinterpret pc=0x000001802dd5c20c method=java.util.HashMap.putVal(ILjava/lang/Object;Ljava/lang/Object;ZZ)Ljava/lang/Object; @ 181 c2
Event: 0.620 Thread 0x000001801b88cbc0 DEOPT PACKING pc=0x000001802dd5c20c sp=0x00000080056fee60
Event: 0.620 Thread 0x000001801b88cbc0 DEOPT UNPACKING pc=0x000001802d7e4402 sp=0x00000080056feda0 mode 2
Event: 0.639 Thread 0x000001801b88cbc0 Uncommon trap: trap_request=0xffffffc6 fr.pc=0x000001802dd6487c relative=0x000000000000039c
Event: 0.639 Thread 0x000001801b88cbc0 Uncommon trap: reason=bimorphic_or_optimized_type_check action=maybe_recompile pc=0x000001802dd6487c method=java.util.HashMap.getNode(Ljava/lang/Object;)Ljava/util/HashMap$Node; @ 63 c2
Event: 0.639 Thread 0x000001801b88cbc0 DEOPT PACKING pc=0x000001802dd6487c sp=0x00000080056fe430
Event: 0.639 Thread 0x000001801b88cbc0 DEOPT UNPACKING pc=0x000001802d7e4402 sp=0x00000080056fe338 mode 2

Classes loaded (20 events):
Event: 0.560 Loading class java/util/LinkedHashMap$LinkedValues
Event: 0.560 Loading class java/util/LinkedHashMap$LinkedValues done
Event: 0.560 Loading class java/util/LinkedHashMap$LinkedValueIterator
Event: 0.560 Loading class java/util/LinkedHashMap$LinkedValueIterator done
Event: 0.560 Loading class java/util/regex/Pattern$Bound
Event: 0.560 Loading class java/util/regex/Pattern$Bound done
Event: 0.593 Loading class java/lang/invoke/MethodHandle$1
Event: 0.593 Loading class java/lang/invoke/MethodHandle$1 done
Event: 0.639 Loading class java/util/RegularEnumSet$EnumSetIterator
Event: 0.639 Loading class java/util/RegularEnumSet$EnumSetIterator done
Event: 0.653 Loading class java/nio/file/Files$AcceptAllFilter
Event: 0.653 Loading class java/nio/file/Files$AcceptAllFilter done
Event: 0.654 Loading class java/nio/file/Files$2
Event: 0.654 Loading class java/nio/file/Files$2 done
Event: 0.655 Loading class java/util/ImmutableCollections$Access
Event: 0.655 Loading class java/util/ImmutableCollections$Access done
Event: 0.655 Loading class java/util/ImmutableCollections$Access$1
Event: 0.655 Loading class jdk/internal/access/JavaUtilCollectionAccess
Event: 0.655 Loading class jdk/internal/access/JavaUtilCollectionAccess done
Event: 0.655 Loading class java/util/ImmutableCollections$Access$1 done

Classes unloaded (0 events):
No events

Classes redefined (0 events):
No events

Internal exceptions (20 events):
Event: 0.413 Thread 0x000001801b88cbc0 Exception <a 'java/lang/NoSuchMethodError'{0x00000000895c62a8}: 'int java.lang.invoke.DirectMethodHandle$Holder.invokeSpecial(java.lang.Object, java.lang.Object, java.lang.Object)'> (0x00000000895c62a8) 
thrown [s\open\src\hotspot\share\interpreter\linkResolver.cpp, line 796]
Event: 0.414 Thread 0x000001801b88cbc0 Exception <a 'java/lang/NoSuchMethodError'{0x00000000895ca418}: 'int java.lang.invoke.DirectMethodHandle$Holder.invokeStaticInit(java.lang.Object, java.lang.Object, java.lang.Object)'> (0x00000000895ca418) 
thrown [s\open\src\hotspot\share\interpreter\linkResolver.cpp, line 796]
Event: 0.414 Thread 0x000001801b88cbc0 Exception <a 'java/lang/NoSuchMethodError'{0x00000000895ce190}: 'int java.lang.invoke.DirectMethodHandle$Holder.invokeStaticInit(java.lang.Object, int, int)'> (0x00000000895ce190) 
thrown [s\open\src\hotspot\share\interpreter\linkResolver.cpp, line 796]
Event: 0.415 Thread 0x000001801b88cbc0 Exception <a 'java/lang/NoSuchMethodError'{0x00000000895d5868}: 'int java.lang.invoke.DirectMethodHandle$Holder.invokeStaticInit(java.lang.Object, long, long)'> (0x00000000895d5868) 
thrown [s\open\src\hotspot\share\interpreter\linkResolver.cpp, line 796]
Event: 0.416 Thread 0x000001801b88cbc0 Exception <a 'java/lang/NoSuchMethodError'{0x00000000895dc310}: 'int java.lang.invoke.DirectMethodHandle$Holder.invokeStaticInit(java.lang.Object, float, float)'> (0x00000000895dc310) 
thrown [s\open\src\hotspot\share\interpreter\linkResolver.cpp, line 796]
Event: 0.417 Thread 0x000001801b88cbc0 Exception <a 'java/lang/NoSuchMethodError'{0x00000000895e2db0}: 'int java.lang.invoke.DirectMethodHandle$Holder.invokeStaticInit(java.lang.Object, double, double)'> (0x00000000895e2db0) 
thrown [s\open\src\hotspot\share\interpreter\linkResolver.cpp, line 796]
Event: 0.418 Thread 0x000001801b88cbc0 Exception <a 'java/lang/NoSuchMethodError'{0x00000000895e7480}: 'int java.lang.invoke.DirectMethodHandle$Holder.invokeStatic(java.lang.Object, long)'> (0x00000000895e7480) 
thrown [s\open\src\hotspot\share\interpreter\linkResolver.cpp, line 796]
Event: 0.422 Thread 0x000001801b88cbc0 Exception <a 'java/lang/NoSuchMethodError'{0x0000000089409d28}: 'int java.lang.invoke.Invokers$Holder.linkToTargetMethod(java.lang.Object, java.lang.Object)'> (0x0000000089409d28) 
thrown [s\open\src\hotspot\share\interpreter\linkResolver.cpp, line 796]
Event: 0.441 Thread 0x000001801b88cbc0 Exception <a 'java/lang/NoSuchMethodError'{0x000000008944f2a0}: 'java.lang.Object java.lang.invoke.DirectMethodHandle$Holder.invokeVirtual(java.lang.Object, java.lang.Object, java.lang.Object)'> (0x000000008944f2a0) 
thrown [s\open\src\hotspot\share\interpreter\linkResolver.cpp, line 796]
Event: 0.444 Thread 0x000001801b88cbc0 Exception <a 'java/lang/NoSuchMethodError'{0x0000000089458fa8}: 'int java.lang.invoke.DirectMethodHandle$Holder.invokeInterface(java.lang.Object, java.lang.Object)'> (0x0000000089458fa8) 
thrown [s\open\src\hotspot\share\interpreter\linkResolver.cpp, line 796]
Event: 0.445 Thread 0x000001801b88cbc0 Exception <a 'sun/nio/fs/WindowsException'{0x000000008945eca0}> (0x000000008945eca0) 
thrown [s\open\src\hotspot\share\prims\jni.cpp, line 520]
Event: 0.503 Thread 0x000001801b88cbc0 Implicit null exception at 0x000001802dd4e6a0 to 0x000001802dd4e722
Event: 0.513 Thread 0x000001801b88cbc0 Exception <a 'sun/nio/fs/WindowsException'{0x00000000894e3e70}> (0x00000000894e3e70) 
thrown [s\open\src\hotspot\share\prims\jni.cpp, line 520]
Event: 0.514 Thread 0x000001801b88cbc0 Exception <a 'java/lang/NoSuchMethodError'{0x00000000894e6f90}: 'void java.lang.invoke.DirectMethodHandle$Holder.invokeStatic(java.lang.Object, java.lang.Object, java.lang.Object, java.lang.Object)'> (0x00000000894e6f90) 
thrown [s\open\src\hotspot\share\interpreter\linkResolver.cpp, line 796]
Event: 0.518 Thread 0x000001801b88cbc0 Exception <a 'sun/nio/fs/WindowsException'{0x00000000894f8f70}> (0x00000000894f8f70) 
thrown [s\open\src\hotspot\share\prims\jni.cpp, line 520]
Event: 0.544 Thread 0x000001801b88cbc0 Exception <a 'sun/nio/fs/WindowsException'{0x000000008920c390}> (0x000000008920c390) 
thrown [s\open\src\hotspot\share\prims\jni.cpp, line 520]
Event: 0.582 Thread 0x000001801b88cbc0 Exception <a 'java/lang/NoSuchMethodError'{0x00000000892d34a0}: 'java.lang.Object java.lang.invoke.DirectMethodHandle$Holder.invokeSpecial(java.lang.Object, java.lang.Object, java.lang.Object, int, int)'> (0x00000000892d34a0) 
thrown [s\open\src\hotspot\share\interpreter\linkResolver.cpp, line 796]
Event: 0.583 Thread 0x000001801b88cbc0 Exception <a 'java/lang/NoSuchMethodError'{0x00000000892d9aa8}: 'java.lang.Object java.lang.invoke.DirectMethodHandle$Holder.invokeVirtual(java.lang.Object, java.lang.Object, int)'> (0x00000000892d9aa8) 
thrown [s\open\src\hotspot\share\interpreter\linkResolver.cpp, line 796]
Event: 0.626 Thread 0x000001801b88cbc0 Exception <a 'java/lang/NoSuchMethodError'{0x0000000089013320}: 'void java.lang.invoke.DirectMethodHandle$Holder.invokeSpecial(java.lang.Object, java.lang.Object, java.lang.Object, java.lang.Object, java.lang.Object, java.lang.Object)'> (0x0000000089013320) 
thrown [s\open\src\hotspot\share\interpreter\linkResolver.cpp, line 796]
Event: 0.635 Thread 0x000001801b88cbc0 Exception <a 'java/lang/NoSuchMethodError'{0x00000000890901c0}: 'java.lang.Object java.lang.invoke.DirectMethodHandle$Holder.invokeVirtual(java.lang.Object, java.lang.Object, java.lang.Object, int, int)'> (0x00000000890901c0) 
thrown [s\open\src\hotspot\share\interpreter\linkResolver.cpp, line 796]

VM Operations (12 events):
Event: 0.083 Executing VM operation: HandshakeAllThreads (Deoptimize)
Event: 0.083 Executing VM operation: HandshakeAllThreads (Deoptimize) done
Event: 0.244 Executing VM operation: HandshakeAllThreads (Deoptimize)
Event: 0.244 Executing VM operation: HandshakeAllThreads (Deoptimize) done
Event: 0.448 Executing VM operation: HandshakeAllThreads (Deoptimize)
Event: 0.448 Executing VM operation: HandshakeAllThreads (Deoptimize) done
Event: 0.519 Executing VM operation: HandshakeAllThreads (Deoptimize)
Event: 0.519 Executing VM operation: HandshakeAllThreads (Deoptimize) done
Event: 0.538 Executing VM operation: HandshakeAllThreads (Deoptimize)
Event: 0.538 Executing VM operation: HandshakeAllThreads (Deoptimize) done
Event: 0.547 Executing VM operation: HandshakeAllThreads (Deoptimize)
Event: 0.547 Executing VM operation: HandshakeAllThreads (Deoptimize) done

Memory protections (0 events):
No events

Nmethod flushes (0 events):
No events

Events (12 events):
Event: 0.027 Thread 0x000001801b88cbc0 Thread added: 0x000001801b88cbc0
Event: 0.043 Thread 0x000001801b88cbc0 Thread added: 0x0000018039f09700
Event: 0.043 Thread 0x000001801b88cbc0 Thread added: 0x0000018039f0b630
Event: 0.043 Thread 0x000001801b88cbc0 Thread added: 0x0000018039f0f660
Event: 0.043 Thread 0x000001801b88cbc0 Thread added: 0x0000018039f100c0
Event: 0.044 Thread 0x000001801b88cbc0 Thread added: 0x0000018039f12b30
Event: 0.044 Thread 0x000001801b88cbc0 Thread added: 0x0000018039f13590
Event: 0.044 Thread 0x000001801b88cbc0 Thread added: 0x0000018039f21840
Event: 0.044 Thread 0x000001801b88cbc0 Thread added: 0x0000018039f222f0
Event: 0.074 Thread 0x000001801b88cbc0 Thread added: 0x000001807f0df880
Event: 0.101 Thread 0x000001801b88cbc0 Thread added: 0x000001807f1dd2b0
Event: 0.621 Thread 0x0000018039f222f0 Thread added: 0x000001807fb481b0


Dynamic libraries:
0x00007ff6604f0000 - 0x00007ff660500000 	C:\Program Files\Java\jdk-23\bin\java.exe
0x00007ff95b4d0000 - 0x00007ff95b6c8000 	C:\Windows\SYSTEM32\ntdll.dll
0x00007ff95b3c0000 - 0x00007ff95b482000 	C:\Windows\System32\KERNEL32.DLL
0x00007ff958ce0000 - 0x00007ff958fde000 	C:\Windows\System32\KERNELBASE.dll
0x00007ff959030000 - 0x00007ff959130000 	C:\Windows\System32\ucrtbase.dll
0x00007ff9423b0000 - 0x00007ff9423c7000 	C:\Program Files\Java\jdk-23\bin\jli.dll
0x00007ff944c80000 - 0x00007ff944c9b000 	C:\Program Files\Java\jdk-23\bin\VCRUNTIME140.dll
0x00007ff959e90000 - 0x00007ff95a02d000 	C:\Windows\System32\USER32.dll
0x00007ff959130000 - 0x00007ff959152000 	C:\Windows\System32\win32u.dll
0x00007ff946210000 - 0x00007ff9464aa000 	C:\Windows\WinSxS\amd64_microsoft.windows.common-controls_6595b64144ccf1df_6.0.19041.4355_none_60b8b9eb71f62e16\COMCTL32.dll
0x00007ff95b270000 - 0x00007ff95b29b000 	C:\Windows\System32\GDI32.dll
0x00007ff959550000 - 0x00007ff9595ee000 	C:\Windows\System32\msvcrt.dll
0x00007ff959160000 - 0x00007ff959277000 	C:\Windows\System32\gdi32full.dll
0x00007ff9592f0000 - 0x00007ff95938d000 	C:\Windows\System32\msvcp_win.dll
0x00007ff95a3b0000 - 0x00007ff95a3df000 	C:\Windows\System32\IMM32.DLL
0x00007ff94ecf0000 - 0x00007ff94ecfc000 	C:\Program Files\Java\jdk-23\bin\vcruntime140_1.dll
0x00007ff931130000 - 0x00007ff9311be000 	C:\Program Files\Java\jdk-23\bin\msvcp140.dll
0x00007ff90f3e0000 - 0x00007ff91012f000 	C:\Program Files\Java\jdk-23\bin\server\jvm.dll
0x00007ff95aae0000 - 0x00007ff95ab91000 	C:\Windows\System32\ADVAPI32.dll
0x00007ff95a050000 - 0x00007ff95a0ef000 	C:\Windows\System32\sechost.dll
0x00007ff95a950000 - 0x00007ff95aa73000 	C:\Windows\System32\RPCRT4.dll
0x00007ff958b70000 - 0x00007ff958b97000 	C:\Windows\System32\bcrypt.dll
0x00007ff95a290000 - 0x00007ff95a2fb000 	C:\Windows\System32\WS2_32.dll
0x00007ff9589d0000 - 0x00007ff958a1b000 	C:\Windows\SYSTEM32\POWRPROF.dll
0x00007ff948430000 - 0x00007ff94843a000 	C:\Windows\SYSTEM32\VERSION.dll
0x00007ff940ee0000 - 0x00007ff940f07000 	C:\Windows\SYSTEM32\WINMM.dll
0x00007ff9589b0000 - 0x00007ff9589c2000 	C:\Windows\SYSTEM32\UMPDC.dll
0x00007ff957390000 - 0x00007ff9573a2000 	C:\Windows\SYSTEM32\kernel.appcore.dll
0x00007ff94e5d0000 - 0x00007ff94e5da000 	C:\Program Files\Java\jdk-23\bin\jimage.dll
0x00007ff9568e0000 - 0x00007ff956ac4000 	C:\Windows\SYSTEM32\DBGHELP.DLL
0x00007ff950440000 - 0x00007ff950474000 	C:\Windows\SYSTEM32\dbgcore.DLL
0x00007ff958ba0000 - 0x00007ff958c22000 	C:\Windows\System32\bcryptPrimitives.dll
0x00007ff941b20000 - 0x00007ff941b3e000 	C:\Program Files\Java\jdk-23\bin\java.dll
0x00007ff95a160000 - 0x00007ff95a28b000 	C:\Windows\System32\ole32.dll
0x00007ff95a510000 - 0x00007ff95a863000 	C:\Windows\System32\combase.dll
0x00007ff9595f0000 - 0x00007ff959d5d000 	C:\Windows\System32\SHELL32.dll
0x00007ff956ad0000 - 0x00007ff957274000 	C:\Windows\SYSTEM32\windows.storage.dll
0x00007ff9584d0000 - 0x00007ff9584fe000 	C:\Windows\SYSTEM32\Wldp.dll
0x00007ff959dc0000 - 0x00007ff959e8d000 	C:\Windows\System32\OLEAUT32.dll
0x00007ff95ad50000 - 0x00007ff95adfd000 	C:\Windows\System32\SHCORE.dll
0x00007ff95aa80000 - 0x00007ff95aad5000 	C:\Windows\System32\shlwapi.dll
0x00007ff958aa0000 - 0x00007ff958ac4000 	C:\Windows\SYSTEM32\profapi.dll
0x00007ff90f300000 - 0x00007ff90f3d7000 	C:\Program Files\Java\jdk-23\bin\jsvml.dll
0x00007ff94e550000 - 0x00007ff94e560000 	C:\Program Files\Java\jdk-23\bin\net.dll
0x00007ff958230000 - 0x00007ff95829a000 	C:\Windows\system32\mswsock.dll
0x00007ff941440000 - 0x00007ff941456000 	C:\Program Files\Java\jdk-23\bin\nio.dll

dbghelp: loaded successfully - version: 4.0.5 - missing functions: none
symbol engine: initialized successfully - sym options: 0x614 - pdb path: .;C:\Program Files\Java\jdk-23\bin;C:\Windows\SYSTEM32;C:\Windows\WinSxS\amd64_microsoft.windows.common-controls_6595b64144ccf1df_6.0.19041.4355_none_60b8b9eb71f62e16;C:\Program Files\Java\jdk-23\bin\server

VM Arguments:
jvm_args: --add-modules=ALL-DEFAULT 
java_command: jdk.compiler/com.sun.tools.javac.launcher.SourceLauncher StudentsGrade.java
java_class_path (initial): .
Launcher Type: SUN_STANDARD

[Global flags]
     intx CICompilerCount                          = 3                                         {product} {ergonomic}
     uint ConcGCThreads                            = 1                                         {product} {ergonomic}
     uint G1ConcRefinementThreads                  = 4                                         {product} {ergonomic}
   size_t G1HeapRegionSize                         = 1048576                                   {product} {ergonomic}
   size_t InitialHeapSize                          = 134217728                                 {product} {ergonomic}
   size_t MarkStackSize                            = 4194304                                   {product} {ergonomic}
   size_t MarkStackSizeMax                         = 536870912                                 {product} {ergonomic}
   size_t MaxHeapSize                              = 2120220672                                {product} {ergonomic}
   size_t MaxNewSize                               = 1271922688                                {product} {ergonomic}
   size_t MinHeapDeltaBytes                        = 1048576                                   {product} {ergonomic}
   size_t MinHeapSize                              = 8388608                                   {product} {ergonomic}
    uintx NonNMethodCodeHeapSize                   = 5832704                                {pd product} {ergonomic}
    uintx NonProfiledCodeHeapSize                  = 122945536                              {pd product} {ergonomic}
    uintx ProfiledCodeHeapSize                     = 122880000                              {pd product} {ergonomic}
    uintx ReservedCodeCacheSize                    = 251658240                              {pd product} {ergonomic}
     bool SegmentedCodeCache                       = true                                      {product} {ergonomic}
   size_t SoftMaxHeapSize                          = 2120220672                             {manageable} {ergonomic}
     bool UseCompressedOops                        = true                           {product lp64_product} {ergonomic}
     bool UseG1GC                                  = true                                      {product} {ergonomic}
     bool UseLargePagesIndividualAllocation        = false                                  {pd product} {ergonomic}

Logging:
Log output configuration:
 #0: stdout all=warning uptime,level,tags foldmultilines=false
 #1: stderr all=off uptime,level,tags foldmultilines=false

Environment Variables:
PATH=C:\Program Files\Common Files\Oracle\Java\javapath;C:\Windows\system32;C:\Windows;C:\Windows\System32\Wbem;C:\Windows\System32\WindowsPowerShell\v1.0\;C:\Windows\System32\OpenSSH\;C:\Program Files\Git\cmd;C:\Users\Christianah\AppData\Local\Programs\Python\Python313\Scripts\;C:\Users\Christianah\AppData\Local\Programs\Python\Python313\;C:\Users\Christianah\AppData\Local\Microsoft\WindowsApps;
USERNAME=Christianah
OS=Windows_NT
PROCESSOR_IDENTIFIER=Intel64 Family 6 Model 78 Stepping 3, GenuineIntel
TMP=C:\Users\CHRIST~1\AppData\Local\Temp
TEMP=C:\Users\CHRIST~1\AppData\Local\Temp




Periodic native trim disabled

---------------  S Y S T E M  ---------------

OS:
 Windows 10 , 64 bit Build 19041 (10.0.19041.5072)
OS uptime: 2 days 14:21 hours

CPU: total 4 (initial active 4) (2 cores per cpu, 2 threads per core) family 6 model 78 stepping 3 microcode 0xf0, cx8, cmov, fxsr, ht, mmx, 3dnowpref, sse, sse2, sse3, ssse3, sse4.1, sse4.2, popcnt, lzcnt, tsc, tscinvbit, avx, avx2, aes, erms, clmul, bmi1, bmi2, rtm, adx, fma, vzeroupper, clflush, clflushopt, rdtscp, f16c
Processor Information for the first 4 processors :
  Max Mhz: 2501, Current Mhz: 2501, Mhz Limit: 2501

Memory: 4k page, system-wide physical 8083M (2187M free)
TotalPageFile size 32659M (AvailPageFile size 5M)
current process WorkingSet (physical memory assigned to process): 78M, peak: 78M
current process commit charge ("private bytes"): 221M, peak: 221M

vm_info: Java HotSpot(TM) 64-Bit Server VM (23.0.1+11-39) for windows-amd64 JRE (23.0.1+11-39), built on 2024-09-30T07:20:43Z with MS VC++ 17.6 (VS2022)

END.
